(EmptyBot1) [INFO]    22:31:43.624 <CTF13>                    Log level set to WARNING.

(EmptyBot1) [INFO]    22:31:43.624 <SimpleRayCasting24>       Log level set to WARNING.

(EmptyBot1) [INFO]    22:31:43.624 <NavigationGraphBuilder10> Log level set to WARNING.

(EmptyBot1) [INFO]    22:31:43.625 <UT2004AcceleratedPathExecutor> Log level set to WARNING.

(EmptyBot1) [INFO]    22:31:43.625 <UT2004GetBackToNavGraph>       Log level set to WARNING.

(EmptyBot1) [INFO]    22:31:43.625 <AdrenalineCombo25>             Log level set to WARNING.

(EmptyBot1) [INFO]    22:31:43.625 <Senses17>                      Log level set to WARNING.

(EmptyBot1) [INFO]    22:31:43.625 <Communication22>               Log level set to WARNING.

(EmptyBot1) [INFO]    22:31:43.625 <AccUT2004PositionStuckDetector> Log level set to WARNING.

(EmptyBot1) [INFO]    22:31:43.625 <Agent>                          Log level set to WARNING.

(EmptyBot1) [INFO]    22:31:43.625 <RaycastingUT20047>              Log level set to WARNING.

(EmptyBot1) [INFO]    22:31:43.625 <UT2004MapTweaks>                Log level set to WARNING.

(EmptyBot1) [INFO]    22:31:43.625 <Visibility12>                   Log level set to WARNING.

(EmptyBot1) [INFO]    22:31:43.625 <UT2004TimeStuckDetector>        Log level set to WARNING.

(EmptyBot1) [INFO]    22:31:43.625 <UT2004PositionStuckDetector>    Log level set to WARNING.

(EmptyBot1) [INFO]    22:31:43.625 <Parser>                         Log level set to WARNING.

(EmptyBot1) [INFO]    22:31:43.626 <ItemDescriptors4>               Log level set to WARNING.

(EmptyBot1) [INFO]    22:31:43.626 <Mediator>                       Log level set to WARNING.

(EmptyBot1) [INFO]    22:31:43.626 <WorldMessageTranslator>         Log level set to WARNING.

(EmptyBot1) [INFO]    22:31:43.626 <SyncUT2004BotLogic0>            Log level set to WARNING.

(EmptyBot1) [INFO]    22:31:43.626 <Players3>                       Log level set to WARNING.

(EmptyBot1) [INFO]    22:31:43.626 <AccUT2004TimeStuckDetector>     Log level set to WARNING.

(EmptyBot1) [INFO]    22:31:43.626 <UT2004Navigation>               Log level set to WARNING.

(EmptyBot1) [INFO]    22:31:43.626 <Yylex>                          Log level set to WARNING.

(EmptyBot1) [ALL]     22:31:43.626 <User>                           Log level set to WARNING.

(EmptyBot1) [INFO]    22:31:43.626 <Draw>                           Log level set to WARNING.

(EmptyBot1) [INFO]    22:31:43.626 <Game1>                          Log level set to WARNING.

(EmptyBot1) [INFO]    22:31:43.626 <UT2004Weaponry15>               Log level set to WARNING.

(EmptyBot1) [INFO]    22:31:43.626 <UT2004AgentInfo11>              Log level set to WARNING.

(EmptyBot1) [INFO]    22:31:43.626 <FloydWarshallMap27>             Log level set to WARNING.

(EmptyBot1) [INFO]    22:31:43.627 <FloydWarshallMap26>             Log level set to WARNING.

(EmptyBot1) [INFO]    22:31:43.627 <Raycasting6>                    Log level set to WARNING.

(EmptyBot1) [INFO]    22:31:43.627 <RaycastingBSP8>                 Log level set to WARNING.

(EmptyBot1) [INFO]    22:31:43.627 <Listeners>                      Log level set to WARNING.

(EmptyBot1) [INFO]    22:31:43.627 <LevelGeometry>                  Log level set to WARNING.

(EmptyBot1) [INFO]    22:31:43.627 <Commands>                       Log level set to WARNING.

(EmptyBot1) [INFO]    22:31:43.627 <ConfigureCommands23>            Log level set to WARNING.

(EmptyBot1) [INFO]    22:31:43.627 <NavMeshNavigation>              Log level set to WARNING.

(EmptyBot1) [INFO]    22:31:43.627 <AgentStats9>                    Log level set to WARNING.

(EmptyBot1) [INFO]    22:31:43.627 <NavPoints2>                     Log level set to WARNING.

(EmptyBot1) [INFO]    22:31:43.627 <Action18>                       Log level set to WARNING.

(EmptyBot1) [INFO]    22:31:43.627 <NavMesh>                        Log level set to WARNING.

(EmptyBot1) [INFO]    22:31:43.627 <UT2004DistanceStuckDetector>    Log level set to WARNING.

(EmptyBot1) [INFO]    22:31:43.627 <ImprovedShooting21>             Log level set to WARNING.

(EmptyBot1) [INFO]    22:31:43.628 <Connection>                     Log level set to WARNING.

(EmptyBot1) [INFO]    22:31:43.628 <BotFSM>                         Log level set to WARNING.

(EmptyBot1) [INFO]    22:31:43.628 <WorldView>                      Log level set to WARNING.

(EmptyBot1) [INFO]    22:31:43.628 <ComponentBus>                   Log level set to WARNING.

(EmptyBot1) [INFO]    22:31:43.628 <AdvancedShooting20>             Log level set to WARNING.

(EmptyBot1) [INFO]    22:31:43.628 <UT2004Items16>                  Log level set to WARNING.

(EmptyBot1) [INFO]    22:31:43.628 <Act>                            Log level set to WARNING.

(EmptyBot1) [INFO]    22:31:43.628 <AccUT2004DistanceStuckDetector> Log level set to WARNING.

(EmptyBot1) [INFO]    22:31:43.628 <ItemDescriptors14>              Log level set to WARNING.

(EmptyBot1) [INFO]    22:31:43.628 <AgentConfig5>                   Log level set to WARNING.

(EmptyBot1) [INFO]    22:31:43.628 <AdvancedLocomotion19>           Log level set to WARNING.

(EmptyBot1) [INFO]    22:31:43.628 <UT2004RunStraight>              Log level set to WARNING.

(EmptyBot1) [WARNING] 22:31:43.628 <Agent>                          Starting agent EmptyBot1-3@Nuno-PC.lan/8ab372ba-412e-dd6b-6525-4623531fde93

(EmptyBot1) [WARNING] 22:31:43.630 <Connection>                     Connecting to SocketConnectionAddress[127.0.0.1:3000].

(EmptyBot1) [WARNING] 22:31:43.638 <AgentJMXComponents>             Log level set to WARNING.

(EmptyBot1) [WARNING] 22:31:43.646 <SyncUT2004BotLogic0>            Thread 0: Thread started.

(EmptyBot1) [WARNING] 22:31:43.661 <User>                           Log level set to ALL.

(EmptyBot1) [WARNING] 22:31:43.718 <LevelGeometry>                  Initializing LevelGeometry for: CTF-1on1-Joust

(EmptyBot1) [WARNING] 22:31:43.719 <LevelGeometry>                  Processed LevelGeometry does not exist at: C:\Users\Pedro\Desktop\AASMA\AASMA\map\CTF-1on1-Joust.processed

(EmptyBot1) [WARNING] 22:31:43.720 <LevelGeometry>                  LevelGeometry .scale file does not exist at: C:\Users\Pedro\Desktop\AASMA\AASMA\map\CTF-1on1-Joust.scale

(EmptyBot1) [SEVERE]  22:31:43.720 <LevelGeometry>                  COULD NOT INITIALIZE FOR MAP: CTF-1on1-Joust

(EmptyBot1) [WARNING] 22:31:43.763 <UT2004MapTweaks>                No navigation graph tweaks for map CTF-1on1-Joust

(EmptyBot1) [WARNING] 22:31:43.764 <Visibility12>                   Initializing visibility matrix for map: CTF-1on1-Joust

(EmptyBot1) [WARNING] 22:31:43.776 <Visibility12>                   Could not load visibility information for CTF-1on1-Joust. File from local dir C:\Users\Pedro\Desktop\AASMA\AASMA\.\VisibilityMatrix-CTF-1on1-Joust-All.bin not found and property pogamut.ut2004.visibility.dir not set.

(EmptyBot1) [WARNING] 22:31:43.776 <Visibility12>                   Visibility matrix was not loaded, module could not be initialized.

(EmptyBot1) [WARNING] 22:31:43.776 <NavMesh>                        Loading NavMesh for: CTF-1on1-Joust

(EmptyBot1) [WARNING] 22:31:43.777 <NavMesh>                        Processed NavMesh does not exist at: C:\Users\Pedro\Desktop\AASMA\AASMA\navmesh\CTF-1on1-Joust.navmesh.processed

(EmptyBot1) [WARNING] 22:31:43.777 <NavMesh>                        NavMesh source text file does not exist at: C:\Users\Pedro\Desktop\AASMA\AASMA\navmesh\CTF-1on1-Joust.navmesh

(EmptyBot1) [SEVERE]  22:31:43.777 <NavMesh>                        NavMesh COULD NOT INITIALIZE FOR MAP: CTF-1on1-Joust

(EmptyBot)  [INFO]    22:31:44.524 <User>                           ---LOGIC: 1---

(EmptyBot)  [INFO]    22:31:44.776 <User>                           ---LOGIC: 2---

(EmptyBot)  [INFO]    22:31:44.777 <User>                           Logic invoked after: 252 ms

(EmptyBot)  [INFO]    22:31:45.030 <User>                           ---LOGIC: 3---

(EmptyBot)  [INFO]    22:31:45.030 <User>                           Logic invoked after: 253 ms

(EmptyBot)  [INFO]    22:31:45.283 <User>                           ---LOGIC: 4---

(EmptyBot)  [INFO]    22:31:45.283 <User>                           Logic invoked after: 253 ms

(EmptyBot)  [INFO]    22:31:45.539 <User>                           ---LOGIC: 5---

(EmptyBot)  [INFO]    22:31:45.539 <User>                           Logic invoked after: 256 ms

(EmptyBot)  [INFO]    22:31:45.820 <User>                           ---LOGIC: 6---

(EmptyBot)  [INFO]    22:31:45.821 <User>                           Logic invoked after: 282 ms

(EmptyBot)  [INFO]    22:31:46.041 <User>                           ---LOGIC: 7---

(EmptyBot)  [INFO]    22:31:46.041 <User>                           Logic invoked after: 220 ms

(EmptyBot)  [INFO]    22:31:46.294 <User>                           ---LOGIC: 8---

(EmptyBot)  [INFO]    22:31:46.294 <User>                           Logic invoked after: 253 ms

(EmptyBot)  [INFO]    22:31:46.547 <User>                           ---LOGIC: 9---

(EmptyBot)  [INFO]    22:31:46.547 <User>                           Logic invoked after: 253 ms

(EmptyBot)  [INFO]    22:31:46.801 <User>                           ---LOGIC: 10---

(EmptyBot)  [INFO]    22:31:46.801 <User>                           Logic invoked after: 254 ms

(EmptyBot)  [INFO]    22:31:47.054 <User>                           ---LOGIC: 11---

(EmptyBot)  [INFO]    22:31:47.054 <User>                           Logic invoked after: 253 ms

(EmptyBot)  [INFO]    22:31:47.308 <User>                           ---LOGIC: 12---

(EmptyBot)  [INFO]    22:31:47.308 <User>                           Logic invoked after: 254 ms

(EmptyBot)  [INFO]    22:31:47.560 <User>                           ---LOGIC: 13---

(EmptyBot)  [INFO]    22:31:47.560 <User>                           Logic invoked after: 252 ms

(EmptyBot)  [INFO]    22:31:47.815 <User>                           ---LOGIC: 14---

(EmptyBot)  [INFO]    22:31:47.815 <User>                           Logic invoked after: 255 ms

(EmptyBot)  [INFO]    22:31:48.071 <User>                           ---LOGIC: 15---

(EmptyBot)  [INFO]    22:31:48.071 <User>                           Logic invoked after: 256 ms

(EmptyBot)  [INFO]    22:31:48.323 <User>                           ---LOGIC: 16---

(EmptyBot)  [INFO]    22:31:48.324 <User>                           Logic invoked after: 253 ms

(EmptyBot)  [INFO]    22:31:48.580 <User>                           ---LOGIC: 17---

(EmptyBot)  [INFO]    22:31:48.580 <User>                           Logic invoked after: 256 ms

(EmptyBot)  [INFO]    22:31:48.834 <User>                           ---LOGIC: 18---

(EmptyBot)  [INFO]    22:31:48.835 <User>                           Logic invoked after: 255 ms

(EmptyBot)  [INFO]    22:31:49.085 <User>                           ---LOGIC: 19---

(EmptyBot)  [INFO]    22:31:49.086 <User>                           Logic invoked after: 251 ms

(EmptyBot)  [INFO]    22:31:49.341 <User>                           ---LOGIC: 20---

(EmptyBot)  [INFO]    22:31:49.341 <User>                           Logic invoked after: 255 ms

(EmptyBot)  [INFO]    22:31:49.595 <User>                           ---LOGIC: 21---

(EmptyBot)  [INFO]    22:31:49.596 <User>                           Logic invoked after: 255 ms

(EmptyBot)  [INFO]    22:31:49.848 <User>                           ---LOGIC: 22---

(EmptyBot)  [INFO]    22:31:49.848 <User>                           Logic invoked after: 252 ms

(EmptyBot)  [INFO]    22:31:50.102 <User>                           ---LOGIC: 23---

(EmptyBot)  [INFO]    22:31:50.103 <User>                           Logic invoked after: 255 ms

(EmptyBot)  [INFO]    22:31:50.356 <User>                           ---LOGIC: 24---

(EmptyBot)  [INFO]    22:31:50.357 <User>                           Logic invoked after: 254 ms

(EmptyBot)  [INFO]    22:31:50.609 <User>                           ---LOGIC: 25---

(EmptyBot)  [INFO]    22:31:50.609 <User>                           Logic invoked after: 252 ms

(EmptyBot)  [INFO]    22:31:50.861 <User>                           ---LOGIC: 26---

(EmptyBot)  [INFO]    22:31:50.862 <User>                           Logic invoked after: 253 ms

(EmptyBot)  [INFO]    22:31:51.114 <User>                           ---LOGIC: 27---

(EmptyBot)  [INFO]    22:31:51.115 <User>                           Logic invoked after: 253 ms

(EmptyBot)  [INFO]    22:31:51.366 <User>                           ---LOGIC: 28---

(EmptyBot)  [INFO]    22:31:51.367 <User>                           Logic invoked after: 252 ms

(EmptyBot)  [INFO]    22:31:51.619 <User>                           ---LOGIC: 29---

(EmptyBot)  [INFO]    22:31:51.619 <User>                           Logic invoked after: 252 ms

(EmptyBot)  [INFO]    22:31:51.874 <User>                           ---LOGIC: 30---

(EmptyBot)  [INFO]    22:31:51.875 <User>                           Logic invoked after: 256 ms

(EmptyBot)  [INFO]    22:31:52.126 <User>                           ---LOGIC: 31---

(EmptyBot)  [INFO]    22:31:52.126 <User>                           Logic invoked after: 251 ms

(EmptyBot)  [INFO]    22:31:52.379 <User>                           ---LOGIC: 32---

(EmptyBot)  [INFO]    22:31:52.379 <User>                           Logic invoked after: 253 ms

(EmptyBot)  [INFO]    22:31:52.631 <User>                           ---LOGIC: 33---

(EmptyBot)  [INFO]    22:31:52.631 <User>                           Logic invoked after: 252 ms

(EmptyBot)  [INFO]    22:31:52.883 <User>                           ---LOGIC: 34---

(EmptyBot)  [INFO]    22:31:52.883 <User>                           Logic invoked after: 252 ms

(EmptyBot)  [INFO]    22:31:53.134 <User>                           ---LOGIC: 35---

(EmptyBot)  [INFO]    22:31:53.134 <User>                           Logic invoked after: 251 ms

(EmptyBot)  [INFO]    22:31:53.388 <User>                           ---LOGIC: 36---

(EmptyBot)  [INFO]    22:31:53.388 <User>                           Logic invoked after: 254 ms

(EmptyBot)  [INFO]    22:31:53.644 <User>                           ---LOGIC: 37---

(EmptyBot)  [INFO]    22:31:53.644 <User>                           Logic invoked after: 256 ms

(EmptyBot)  [INFO]    22:31:53.898 <User>                           ---LOGIC: 38---

(EmptyBot)  [INFO]    22:31:53.898 <User>                           Logic invoked after: 254 ms

(EmptyBot)  [INFO]    22:31:54.151 <User>                           ---LOGIC: 39---

(EmptyBot)  [INFO]    22:31:54.152 <User>                           Logic invoked after: 254 ms

(EmptyBot)  [INFO]    22:31:54.405 <User>                           ---LOGIC: 40---

(EmptyBot)  [INFO]    22:31:54.405 <User>                           Logic invoked after: 253 ms

(EmptyBot)  [INFO]    22:31:54.659 <User>                           ---LOGIC: 41---

(EmptyBot)  [INFO]    22:31:54.659 <User>                           Logic invoked after: 254 ms

(EmptyBot)  [INFO]    22:31:54.914 <User>                           ---LOGIC: 42---

(EmptyBot)  [INFO]    22:31:54.914 <User>                           Logic invoked after: 255 ms

(EmptyBot)  [INFO]    22:31:55.168 <User>                           ---LOGIC: 43---

(EmptyBot)  [INFO]    22:31:55.168 <User>                           Logic invoked after: 254 ms

(EmptyBot)  [INFO]    22:31:55.423 <User>                           ---LOGIC: 44---

(EmptyBot)  [INFO]    22:31:55.423 <User>                           Logic invoked after: 255 ms

(EmptyBot)  [INFO]    22:31:55.676 <User>                           ---LOGIC: 45---

(EmptyBot)  [INFO]    22:31:55.676 <User>                           Logic invoked after: 253 ms

(EmptyBot)  [INFO]    22:31:55.929 <User>                           ---LOGIC: 46---

(EmptyBot)  [INFO]    22:31:55.929 <User>                           Logic invoked after: 253 ms

(EmptyBot)  [INFO]    22:31:56.183 <User>                           ---LOGIC: 47---

(EmptyBot)  [INFO]    22:31:56.183 <User>                           Logic invoked after: 254 ms

(EmptyBot)  [INFO]    22:31:56.437 <User>                           ---LOGIC: 48---

(EmptyBot)  [INFO]    22:31:56.438 <User>                           Logic invoked after: 255 ms

(EmptyBot)  [INFO]    22:31:56.690 <User>                           ---LOGIC: 49---

(EmptyBot)  [INFO]    22:31:56.690 <User>                           Logic invoked after: 252 ms

(EmptyBot)  [INFO]    22:31:56.943 <User>                           ---LOGIC: 50---

(EmptyBot)  [INFO]    22:31:56.943 <User>                           Logic invoked after: 253 ms

(EmptyBot)  [INFO]    22:31:57.196 <User>                           ---LOGIC: 51---

(EmptyBot)  [INFO]    22:31:57.196 <User>                           Logic invoked after: 253 ms

(EmptyBot)  [INFO]    22:31:57.449 <User>                           ---LOGIC: 52---

(EmptyBot)  [INFO]    22:31:57.449 <User>                           Logic invoked after: 253 ms

(EmptyBot)  [INFO]    22:31:57.703 <User>                           ---LOGIC: 53---

(EmptyBot)  [INFO]    22:31:57.703 <User>                           Logic invoked after: 254 ms

(EmptyBot)  [INFO]    22:31:57.958 <User>                           ---LOGIC: 54---

(EmptyBot)  [INFO]    22:31:57.958 <User>                           Logic invoked after: 255 ms

(EmptyBot)  [INFO]    22:31:58.216 <User>                           ---LOGIC: 55---

(EmptyBot)  [INFO]    22:31:58.216 <User>                           Logic invoked after: 258 ms

(EmptyBot)  [INFO]    22:31:58.464 <User>                           ---LOGIC: 56---

(EmptyBot)  [INFO]    22:31:58.464 <User>                           Logic invoked after: 248 ms

(EmptyBot)  [INFO]    22:31:58.718 <User>                           ---LOGIC: 57---

(EmptyBot)  [INFO]    22:31:58.718 <User>                           Logic invoked after: 254 ms

(EmptyBot)  [INFO]    22:31:58.969 <User>                           ---LOGIC: 58---

(EmptyBot)  [INFO]    22:31:58.969 <User>                           Logic invoked after: 251 ms

(EmptyBot)  [INFO]    22:31:59.221 <User>                           ---LOGIC: 59---

(EmptyBot)  [INFO]    22:31:59.221 <User>                           Logic invoked after: 252 ms

(EmptyBot)  [INFO]    22:31:59.476 <User>                           ---LOGIC: 60---

(EmptyBot)  [INFO]    22:31:59.476 <User>                           Logic invoked after: 255 ms

(EmptyBot)  [INFO]    22:31:59.730 <User>                           ---LOGIC: 61---

(EmptyBot)  [INFO]    22:31:59.730 <User>                           Logic invoked after: 254 ms

(EmptyBot)  [INFO]    22:31:59.984 <User>                           ---LOGIC: 62---

(EmptyBot)  [INFO]    22:31:59.985 <User>                           Logic invoked after: 255 ms

(EmptyBot)  [INFO]    22:32:00.238 <User>                           ---LOGIC: 63---

(EmptyBot)  [INFO]    22:32:00.238 <User>                           Logic invoked after: 253 ms

(EmptyBot)  [INFO]    22:32:00.491 <User>                           ---LOGIC: 64---

(EmptyBot)  [INFO]    22:32:00.492 <User>                           Logic invoked after: 254 ms

(EmptyBot)  [INFO]    22:32:00.743 <User>                           ---LOGIC: 65---

(EmptyBot)  [INFO]    22:32:00.743 <User>                           Logic invoked after: 251 ms

(EmptyBot)  [INFO]    22:32:00.996 <User>                           ---LOGIC: 66---

(EmptyBot)  [INFO]    22:32:00.996 <User>                           Logic invoked after: 253 ms

(EmptyBot)  [INFO]    22:32:01.248 <User>                           ---LOGIC: 67---

(EmptyBot)  [INFO]    22:32:01.248 <User>                           Logic invoked after: 252 ms

(EmptyBot)  [INFO]    22:32:01.501 <User>                           ---LOGIC: 68---

(EmptyBot)  [INFO]    22:32:01.501 <User>                           Logic invoked after: 253 ms

(EmptyBot)  [INFO]    22:32:01.755 <User>                           ---LOGIC: 69---

(EmptyBot)  [INFO]    22:32:01.755 <User>                           Logic invoked after: 254 ms

(EmptyBot)  [INFO]    22:32:02.007 <User>                           ---LOGIC: 70---

(EmptyBot)  [INFO]    22:32:02.007 <User>                           Logic invoked after: 252 ms

(EmptyBot)  [INFO]    22:32:02.260 <User>                           ---LOGIC: 71---

(EmptyBot)  [INFO]    22:32:02.260 <User>                           Logic invoked after: 253 ms

(EmptyBot)  [INFO]    22:32:02.512 <User>                           ---LOGIC: 72---

(EmptyBot)  [INFO]    22:32:02.512 <User>                           Logic invoked after: 252 ms

(EmptyBot)  [INFO]    22:32:02.764 <User>                           ---LOGIC: 73---

(EmptyBot)  [INFO]    22:32:02.764 <User>                           Logic invoked after: 252 ms

(EmptyBot)  [INFO]    22:32:03.017 <User>                           ---LOGIC: 74---

(EmptyBot)  [INFO]    22:32:03.017 <User>                           Logic invoked after: 253 ms

(EmptyBot)  [INFO]    22:32:03.268 <User>                           ---LOGIC: 75---

(EmptyBot)  [INFO]    22:32:03.268 <User>                           Logic invoked after: 251 ms

(EmptyBot)  [INFO]    22:32:03.520 <User>                           ---LOGIC: 76---

(EmptyBot)  [INFO]    22:32:03.520 <User>                           Logic invoked after: 252 ms

(EmptyBot)  [INFO]    22:32:03.776 <User>                           ---LOGIC: 77---

(EmptyBot)  [INFO]    22:32:03.776 <User>                           Logic invoked after: 256 ms

(EmptyBot)  [INFO]    22:32:04.028 <User>                           ---LOGIC: 78---

(EmptyBot)  [INFO]    22:32:04.028 <User>                           Logic invoked after: 252 ms

(EmptyBot)  [INFO]    22:32:04.284 <User>                           ---LOGIC: 79---

(EmptyBot)  [INFO]    22:32:04.284 <User>                           Logic invoked after: 256 ms

(EmptyBot)  [INFO]    22:32:04.539 <User>                           ---LOGIC: 80---

(EmptyBot)  [INFO]    22:32:04.539 <User>                           Logic invoked after: 255 ms

(EmptyBot)  [INFO]    22:32:04.791 <User>                           ---LOGIC: 81---

(EmptyBot)  [INFO]    22:32:04.791 <User>                           Logic invoked after: 252 ms

(EmptyBot)  [INFO]    22:32:05.044 <User>                           ---LOGIC: 82---

(EmptyBot)  [INFO]    22:32:05.044 <User>                           Logic invoked after: 253 ms

(EmptyBot)  [INFO]    22:32:05.297 <User>                           ---LOGIC: 83---

(EmptyBot)  [INFO]    22:32:05.297 <User>                           Logic invoked after: 253 ms

(EmptyBot)  [INFO]    22:32:05.549 <User>                           ---LOGIC: 84---

(EmptyBot)  [INFO]    22:32:05.549 <User>                           Logic invoked after: 252 ms

(EmptyBot)  [INFO]    22:32:05.802 <User>                           ---LOGIC: 85---

(EmptyBot)  [INFO]    22:32:05.802 <User>                           Logic invoked after: 253 ms

(EmptyBot)  [INFO]    22:32:06.055 <User>                           ---LOGIC: 86---

(EmptyBot)  [INFO]    22:32:06.055 <User>                           Logic invoked after: 253 ms

(EmptyBot)  [INFO]    22:32:06.308 <User>                           ---LOGIC: 87---

(EmptyBot)  [INFO]    22:32:06.308 <User>                           Logic invoked after: 253 ms

(EmptyBot)  [INFO]    22:32:06.561 <User>                           ---LOGIC: 88---

(EmptyBot)  [INFO]    22:32:06.561 <User>                           Logic invoked after: 253 ms

(EmptyBot)  [INFO]    22:32:06.816 <User>                           ---LOGIC: 89---

(EmptyBot)  [INFO]    22:32:06.816 <User>                           Logic invoked after: 255 ms

(EmptyBot)  [INFO]    22:32:07.069 <User>                           ---LOGIC: 90---

(EmptyBot)  [INFO]    22:32:07.069 <User>                           Logic invoked after: 253 ms

(EmptyBot)  [INFO]    22:32:07.321 <User>                           ---LOGIC: 91---

(EmptyBot)  [INFO]    22:32:07.321 <User>                           Logic invoked after: 252 ms

(EmptyBot)  [INFO]    22:32:07.573 <User>                           ---LOGIC: 92---

(EmptyBot)  [INFO]    22:32:07.573 <User>                           Logic invoked after: 252 ms

(EmptyBot)  [INFO]    22:32:07.825 <User>                           ---LOGIC: 93---

(EmptyBot)  [INFO]    22:32:07.825 <User>                           Logic invoked after: 252 ms

(EmptyBot)  [INFO]    22:32:08.079 <User>                           ---LOGIC: 94---

(EmptyBot)  [INFO]    22:32:08.079 <User>                           Logic invoked after: 254 ms

(EmptyBot)  [INFO]    22:32:08.332 <User>                           ---LOGIC: 95---

(EmptyBot)  [INFO]    22:32:08.332 <User>                           Logic invoked after: 253 ms

(EmptyBot)  [INFO]    22:32:08.586 <User>                           ---LOGIC: 96---

(EmptyBot)  [INFO]    22:32:08.586 <User>                           Logic invoked after: 254 ms

(EmptyBot)  [INFO]    22:32:08.838 <User>                           ---LOGIC: 97---

(EmptyBot)  [INFO]    22:32:08.838 <User>                           Logic invoked after: 252 ms

(EmptyBot)  [INFO]    22:32:09.092 <User>                           ---LOGIC: 98---

(EmptyBot)  [INFO]    22:32:09.092 <User>                           Logic invoked after: 254 ms

(EmptyBot)  [INFO]    22:32:09.344 <User>                           ---LOGIC: 99---

(EmptyBot)  [INFO]    22:32:09.344 <User>                           Logic invoked after: 252 ms

(EmptyBot)  [INFO]    22:32:09.596 <User>                           ---LOGIC: 100---

(EmptyBot)  [INFO]    22:32:09.596 <User>                           Logic invoked after: 252 ms

(EmptyBot)  [INFO]    22:32:09.850 <User>                           ---LOGIC: 101---

(EmptyBot)  [INFO]    22:32:09.850 <User>                           Logic invoked after: 254 ms

(EmptyBot)  [INFO]    22:32:10.103 <User>                           ---LOGIC: 102---

(EmptyBot)  [INFO]    22:32:10.103 <User>                           Logic invoked after: 253 ms

(EmptyBot)  [INFO]    22:32:10.356 <User>                           ---LOGIC: 103---

(EmptyBot)  [INFO]    22:32:10.356 <User>                           Logic invoked after: 253 ms

(EmptyBot)  [INFO]    22:32:10.608 <User>                           ---LOGIC: 104---

(EmptyBot)  [INFO]    22:32:10.608 <User>                           Logic invoked after: 252 ms

(EmptyBot)  [INFO]    22:32:10.860 <User>                           ---LOGIC: 105---

(EmptyBot)  [INFO]    22:32:10.860 <User>                           Logic invoked after: 252 ms

(EmptyBot)  [INFO]    22:32:11.113 <User>                           ---LOGIC: 106---

(EmptyBot)  [INFO]    22:32:11.113 <User>                           Logic invoked after: 253 ms

(EmptyBot)  [INFO]    22:32:11.366 <User>                           ---LOGIC: 107---

(EmptyBot)  [INFO]    22:32:11.366 <User>                           Logic invoked after: 253 ms

(EmptyBot)  [INFO]    22:32:11.617 <User>                           ---LOGIC: 108---

(EmptyBot)  [INFO]    22:32:11.617 <User>                           Logic invoked after: 251 ms

(EmptyBot)  [INFO]    22:32:11.871 <User>                           ---LOGIC: 109---

(EmptyBot)  [INFO]    22:32:11.871 <User>                           Logic invoked after: 254 ms

(EmptyBot)  [INFO]    22:32:12.124 <User>                           ---LOGIC: 110---

(EmptyBot)  [INFO]    22:32:12.124 <User>                           Logic invoked after: 253 ms

(EmptyBot)  [INFO]    22:32:12.377 <User>                           ---LOGIC: 111---

(EmptyBot)  [INFO]    22:32:12.377 <User>                           Logic invoked after: 253 ms

(EmptyBot)  [INFO]    22:32:12.630 <User>                           ---LOGIC: 112---

(EmptyBot)  [INFO]    22:32:12.630 <User>                           Logic invoked after: 253 ms

(EmptyBot)  [INFO]    22:32:12.882 <User>                           ---LOGIC: 113---

(EmptyBot)  [INFO]    22:32:12.882 <User>                           Logic invoked after: 252 ms

(EmptyBot)  [INFO]    22:32:13.134 <User>                           ---LOGIC: 114---

(EmptyBot)  [INFO]    22:32:13.134 <User>                           Logic invoked after: 252 ms

(EmptyBot)  [INFO]    22:32:13.386 <User>                           ---LOGIC: 115---

(EmptyBot)  [INFO]    22:32:13.386 <User>                           Logic invoked after: 252 ms

(EmptyBot)  [INFO]    22:32:13.639 <User>                           ---LOGIC: 116---

(EmptyBot)  [INFO]    22:32:13.639 <User>                           Logic invoked after: 253 ms

(EmptyBot)  [INFO]    22:32:13.895 <User>                           ---LOGIC: 117---

(EmptyBot)  [INFO]    22:32:13.895 <User>                           Logic invoked after: 256 ms

(EmptyBot)  [INFO]    22:32:14.148 <User>                           ---LOGIC: 118---

(EmptyBot)  [INFO]    22:32:14.148 <User>                           Logic invoked after: 253 ms

(EmptyBot)  [INFO]    22:32:14.402 <User>                           ---LOGIC: 119---

(EmptyBot)  [INFO]    22:32:14.402 <User>                           Logic invoked after: 254 ms

(EmptyBot)  [INFO]    22:32:14.655 <User>                           ---LOGIC: 120---

(EmptyBot)  [INFO]    22:32:14.655 <User>                           Logic invoked after: 253 ms

(EmptyBot)  [INFO]    22:32:14.908 <User>                           ---LOGIC: 121---

(EmptyBot)  [INFO]    22:32:14.908 <User>                           Logic invoked after: 253 ms

(EmptyBot)  [INFO]    22:32:15.163 <User>                           ---LOGIC: 122---

(EmptyBot)  [INFO]    22:32:15.163 <User>                           Logic invoked after: 255 ms

(EmptyBot)  [INFO]    22:32:15.415 <User>                           ---LOGIC: 123---

(EmptyBot)  [INFO]    22:32:15.415 <User>                           Logic invoked after: 252 ms

(EmptyBot)  [INFO]    22:32:15.671 <User>                           ---LOGIC: 124---

(EmptyBot)  [INFO]    22:32:15.671 <User>                           Logic invoked after: 256 ms

(EmptyBot)  [INFO]    22:32:15.922 <User>                           ---LOGIC: 125---

(EmptyBot)  [INFO]    22:32:15.922 <User>                           Logic invoked after: 251 ms

(EmptyBot)  [INFO]    22:32:16.175 <User>                           ---LOGIC: 126---

(EmptyBot)  [INFO]    22:32:16.175 <User>                           Logic invoked after: 253 ms

(EmptyBot)  [INFO]    22:32:16.427 <User>                           ---LOGIC: 127---

(EmptyBot)  [INFO]    22:32:16.427 <User>                           Logic invoked after: 252 ms

(EmptyBot)  [INFO]    22:32:16.679 <User>                           ---LOGIC: 128---

(EmptyBot)  [INFO]    22:32:16.679 <User>                           Logic invoked after: 252 ms

(EmptyBot)  [INFO]    22:32:16.931 <User>                           ---LOGIC: 129---

(EmptyBot)  [INFO]    22:32:16.931 <User>                           Logic invoked after: 252 ms

(EmptyBot)  [INFO]    22:32:17.185 <User>                           ---LOGIC: 130---

(EmptyBot)  [INFO]    22:32:17.185 <User>                           Logic invoked after: 254 ms

(EmptyBot)  [INFO]    22:32:17.437 <User>                           ---LOGIC: 131---

(EmptyBot)  [INFO]    22:32:17.437 <User>                           Logic invoked after: 252 ms

(EmptyBot)  [INFO]    22:32:17.689 <User>                           ---LOGIC: 132---

(EmptyBot)  [INFO]    22:32:17.689 <User>                           Logic invoked after: 252 ms

(EmptyBot)  [INFO]    22:32:17.943 <User>                           ---LOGIC: 133---

(EmptyBot)  [INFO]    22:32:17.943 <User>                           Logic invoked after: 254 ms

(EmptyBot)  [INFO]    22:32:18.197 <User>                           ---LOGIC: 134---

(EmptyBot)  [INFO]    22:32:18.197 <User>                           Logic invoked after: 254 ms

(EmptyBot)  [INFO]    22:32:18.452 <User>                           ---LOGIC: 135---

(EmptyBot)  [INFO]    22:32:18.452 <User>                           Logic invoked after: 255 ms

(EmptyBot)  [INFO]    22:32:18.705 <User>                           ---LOGIC: 136---

(EmptyBot)  [INFO]    22:32:18.705 <User>                           Logic invoked after: 253 ms

(EmptyBot)  [INFO]    22:32:18.959 <User>                           ---LOGIC: 137---

(EmptyBot)  [INFO]    22:32:18.959 <User>                           Logic invoked after: 254 ms

(EmptyBot)  [INFO]    22:32:19.212 <User>                           ---LOGIC: 138---

(EmptyBot)  [INFO]    22:32:19.212 <User>                           Logic invoked after: 253 ms

(EmptyBot)  [INFO]    22:32:19.466 <User>                           ---LOGIC: 139---

(EmptyBot)  [INFO]    22:32:19.466 <User>                           Logic invoked after: 254 ms

(EmptyBot)  [INFO]    22:32:19.721 <User>                           ---LOGIC: 140---

(EmptyBot)  [INFO]    22:32:19.721 <User>                           Logic invoked after: 255 ms

(EmptyBot)  [INFO]    22:32:19.974 <User>                           ---LOGIC: 141---

(EmptyBot)  [INFO]    22:32:19.975 <User>                           Logic invoked after: 254 ms

(EmptyBot)  [INFO]    22:32:20.227 <User>                           ---LOGIC: 142---

(EmptyBot)  [INFO]    22:32:20.227 <User>                           Logic invoked after: 252 ms

(EmptyBot)  [INFO]    22:32:20.481 <User>                           ---LOGIC: 143---

(EmptyBot)  [INFO]    22:32:20.481 <User>                           Logic invoked after: 254 ms

(EmptyBot)  [INFO]    22:32:20.734 <User>                           ---LOGIC: 144---

(EmptyBot)  [INFO]    22:32:20.735 <User>                           Logic invoked after: 254 ms

(EmptyBot)  [INFO]    22:32:20.987 <User>                           ---LOGIC: 145---

(EmptyBot)  [INFO]    22:32:20.987 <User>                           Logic invoked after: 252 ms

(EmptyBot)  [INFO]    22:32:21.239 <User>                           ---LOGIC: 146---

(EmptyBot)  [INFO]    22:32:21.239 <User>                           Logic invoked after: 252 ms

(EmptyBot)  [INFO]    22:32:21.492 <User>                           ---LOGIC: 147---

(EmptyBot)  [INFO]    22:32:21.492 <User>                           Logic invoked after: 253 ms

(EmptyBot)  [INFO]    22:32:21.744 <User>                           ---LOGIC: 148---

(EmptyBot)  [INFO]    22:32:21.744 <User>                           Logic invoked after: 252 ms

(EmptyBot)  [INFO]    22:32:21.999 <User>                           ---LOGIC: 149---

(EmptyBot)  [INFO]    22:32:21.999 <User>                           Logic invoked after: 255 ms

(EmptyBot)  [INFO]    22:32:22.253 <User>                           ---LOGIC: 150---

(EmptyBot)  [INFO]    22:32:22.253 <User>                           Logic invoked after: 254 ms

(EmptyBot)  [INFO]    22:32:22.507 <User>                           ---LOGIC: 151---

(EmptyBot)  [INFO]    22:32:22.507 <User>                           Logic invoked after: 254 ms

(EmptyBot)  [INFO]    22:32:22.762 <User>                           ---LOGIC: 152---

(EmptyBot)  [INFO]    22:32:22.762 <User>                           Logic invoked after: 255 ms

(EmptyBot)  [INFO]    22:32:23.016 <User>                           ---LOGIC: 153---

(EmptyBot)  [INFO]    22:32:23.016 <User>                           Logic invoked after: 254 ms

(EmptyBot)  [INFO]    22:32:23.270 <User>                           ---LOGIC: 154---

(EmptyBot)  [INFO]    22:32:23.270 <User>                           Logic invoked after: 254 ms

(EmptyBot)  [INFO]    22:32:23.524 <User>                           ---LOGIC: 155---

(EmptyBot)  [INFO]    22:32:23.524 <User>                           Logic invoked after: 254 ms

(EmptyBot)  [INFO]    22:32:23.777 <User>                           ---LOGIC: 156---

(EmptyBot)  [INFO]    22:32:23.777 <User>                           Logic invoked after: 253 ms

(EmptyBot)  [INFO]    22:32:24.029 <User>                           ---LOGIC: 157---

(EmptyBot)  [INFO]    22:32:24.029 <User>                           Logic invoked after: 252 ms

(EmptyBot)  [INFO]    22:32:24.282 <User>                           ---LOGIC: 158---

(EmptyBot)  [INFO]    22:32:24.282 <User>                           Logic invoked after: 253 ms

(EmptyBot)  [INFO]    22:32:24.535 <User>                           ---LOGIC: 159---

(EmptyBot)  [INFO]    22:32:24.535 <User>                           Logic invoked after: 253 ms

(EmptyBot)  [INFO]    22:32:24.789 <User>                           ---LOGIC: 160---

(EmptyBot)  [INFO]    22:32:24.789 <User>                           Logic invoked after: 254 ms

(EmptyBot)  [INFO]    22:32:25.041 <User>                           ---LOGIC: 161---

(EmptyBot)  [INFO]    22:32:25.041 <User>                           Logic invoked after: 252 ms

(EmptyBot)  [INFO]    22:32:25.294 <User>                           ---LOGIC: 162---

(EmptyBot)  [INFO]    22:32:25.294 <User>                           Logic invoked after: 253 ms

(EmptyBot)  [INFO]    22:32:25.547 <User>                           ---LOGIC: 163---

(EmptyBot)  [INFO]    22:32:25.547 <User>                           Logic invoked after: 253 ms

(EmptyBot)  [INFO]    22:32:25.799 <User>                           ---LOGIC: 164---

(EmptyBot)  [INFO]    22:32:25.799 <User>                           Logic invoked after: 252 ms

(EmptyBot)  [INFO]    22:32:26.052 <User>                           ---LOGIC: 165---

(EmptyBot)  [INFO]    22:32:26.052 <User>                           Logic invoked after: 253 ms

(EmptyBot)  [INFO]    22:32:26.306 <User>                           ---LOGIC: 166---

(EmptyBot)  [INFO]    22:32:26.306 <User>                           Logic invoked after: 254 ms

(EmptyBot)  [INFO]    22:32:26.559 <User>                           ---LOGIC: 167---

(EmptyBot)  [INFO]    22:32:26.559 <User>                           Logic invoked after: 253 ms

(EmptyBot)  [INFO]    22:32:26.812 <User>                           ---LOGIC: 168---

(EmptyBot)  [INFO]    22:32:26.812 <User>                           Logic invoked after: 253 ms

(EmptyBot)  [INFO]    22:32:27.064 <User>                           ---LOGIC: 169---

(EmptyBot)  [INFO]    22:32:27.064 <User>                           Logic invoked after: 252 ms

(EmptyBot)  [INFO]    22:32:27.317 <User>                           ---LOGIC: 170---

(EmptyBot)  [INFO]    22:32:27.317 <User>                           Logic invoked after: 253 ms

(EmptyBot)  [INFO]    22:32:27.571 <User>                           ---LOGIC: 171---

(EmptyBot)  [INFO]    22:32:27.571 <User>                           Logic invoked after: 254 ms

(EmptyBot)  [INFO]    22:32:27.824 <User>                           ---LOGIC: 172---

(EmptyBot)  [INFO]    22:32:27.824 <User>                           Logic invoked after: 253 ms

(EmptyBot)  [INFO]    22:32:28.077 <User>                           ---LOGIC: 173---

(EmptyBot)  [INFO]    22:32:28.077 <User>                           Logic invoked after: 253 ms

(EmptyBot)  [INFO]    22:32:28.329 <User>                           ---LOGIC: 174---

(EmptyBot)  [INFO]    22:32:28.329 <User>                           Logic invoked after: 252 ms

(EmptyBot)  [INFO]    22:32:28.582 <User>                           ---LOGIC: 175---

(EmptyBot)  [INFO]    22:32:28.582 <User>                           Logic invoked after: 253 ms

(EmptyBot)  [INFO]    22:32:28.835 <User>                           ---LOGIC: 176---

(EmptyBot)  [INFO]    22:32:28.835 <User>                           Logic invoked after: 253 ms

(EmptyBot)  [INFO]    22:32:29.088 <User>                           ---LOGIC: 177---

(EmptyBot)  [INFO]    22:32:29.088 <User>                           Logic invoked after: 253 ms

(EmptyBot)  [INFO]    22:32:29.343 <User>                           ---LOGIC: 178---

(EmptyBot)  [INFO]    22:32:29.343 <User>                           Logic invoked after: 255 ms

(EmptyBot)  [INFO]    22:32:29.597 <User>                           ---LOGIC: 179---

(EmptyBot)  [INFO]    22:32:29.597 <User>                           Logic invoked after: 254 ms

(EmptyBot)  [INFO]    22:32:29.851 <User>                           ---LOGIC: 180---

(EmptyBot)  [INFO]    22:32:29.851 <User>                           Logic invoked after: 254 ms

(EmptyBot)  [INFO]    22:32:30.104 <User>                           ---LOGIC: 181---

(EmptyBot)  [INFO]    22:32:30.104 <User>                           Logic invoked after: 253 ms

(EmptyBot)  [INFO]    22:32:30.358 <User>                           ---LOGIC: 182---

(EmptyBot)  [INFO]    22:32:30.358 <User>                           Logic invoked after: 254 ms

(EmptyBot)  [INFO]    22:32:30.612 <User>                           ---LOGIC: 183---

(EmptyBot)  [INFO]    22:32:30.612 <User>                           Logic invoked after: 254 ms

(EmptyBot)  [INFO]    22:32:30.863 <User>                           ---LOGIC: 184---

(EmptyBot)  [INFO]    22:32:30.863 <User>                           Logic invoked after: 251 ms

(EmptyBot)  [INFO]    22:32:31.116 <User>                           ---LOGIC: 185---

(EmptyBot)  [INFO]    22:32:31.116 <User>                           Logic invoked after: 253 ms

(EmptyBot)  [INFO]    22:32:31.369 <User>                           ---LOGIC: 186---

(EmptyBot)  [INFO]    22:32:31.369 <User>                           Logic invoked after: 253 ms

(EmptyBot)  [INFO]    22:32:31.623 <User>                           ---LOGIC: 187---

(EmptyBot)  [INFO]    22:32:31.623 <User>                           Logic invoked after: 254 ms

(EmptyBot)  [INFO]    22:32:31.876 <User>                           ---LOGIC: 188---

(EmptyBot)  [INFO]    22:32:31.876 <User>                           Logic invoked after: 253 ms

(EmptyBot)  [INFO]    22:32:32.130 <User>                           ---LOGIC: 189---

(EmptyBot)  [INFO]    22:32:32.130 <User>                           Logic invoked after: 254 ms

(EmptyBot)  [INFO]    22:32:32.383 <User>                           ---LOGIC: 190---

(EmptyBot)  [INFO]    22:32:32.383 <User>                           Logic invoked after: 253 ms

(EmptyBot)  [INFO]    22:32:32.637 <User>                           ---LOGIC: 191---

(EmptyBot)  [INFO]    22:32:32.637 <User>                           Logic invoked after: 254 ms

(EmptyBot)  [INFO]    22:32:32.892 <User>                           ---LOGIC: 192---

(EmptyBot)  [INFO]    22:32:32.892 <User>                           Logic invoked after: 255 ms

(EmptyBot)  [INFO]    22:32:33.144 <User>                           ---LOGIC: 193---

(EmptyBot)  [INFO]    22:32:33.144 <User>                           Logic invoked after: 252 ms

(EmptyBot)  [INFO]    22:32:33.399 <User>                           ---LOGIC: 194---

(EmptyBot)  [INFO]    22:32:33.399 <User>                           Logic invoked after: 255 ms

(EmptyBot)  [INFO]    22:32:33.652 <User>                           ---LOGIC: 195---

(EmptyBot)  [INFO]    22:32:33.652 <User>                           Logic invoked after: 253 ms

(EmptyBot)  [INFO]    22:32:33.905 <User>                           ---LOGIC: 196---

(EmptyBot)  [INFO]    22:32:33.905 <User>                           Logic invoked after: 253 ms

(EmptyBot)  [INFO]    22:32:34.158 <User>                           ---LOGIC: 197---

(EmptyBot)  [INFO]    22:32:34.158 <User>                           Logic invoked after: 253 ms

(EmptyBot)  [INFO]    22:32:34.409 <User>                           ---LOGIC: 198---

(EmptyBot)  [INFO]    22:32:34.409 <User>                           Logic invoked after: 251 ms

(EmptyBot)  [INFO]    22:32:34.661 <User>                           ---LOGIC: 199---

(EmptyBot)  [INFO]    22:32:34.661 <User>                           Logic invoked after: 252 ms

(EmptyBot)  [INFO]    22:32:34.913 <User>                           ---LOGIC: 200---

(EmptyBot)  [INFO]    22:32:34.913 <User>                           Logic invoked after: 252 ms

(EmptyBot)  [INFO]    22:32:35.166 <User>                           ---LOGIC: 201---

(EmptyBot)  [INFO]    22:32:35.166 <User>                           Logic invoked after: 253 ms

(EmptyBot)  [INFO]    22:32:35.419 <User>                           ---LOGIC: 202---

(EmptyBot)  [INFO]    22:32:35.419 <User>                           Logic invoked after: 253 ms

(EmptyBot)  [INFO]    22:32:35.671 <User>                           ---LOGIC: 203---

(EmptyBot)  [INFO]    22:32:35.671 <User>                           Logic invoked after: 252 ms

(EmptyBot)  [INFO]    22:32:35.926 <User>                           ---LOGIC: 204---

(EmptyBot)  [INFO]    22:32:35.926 <User>                           Logic invoked after: 255 ms

(EmptyBot)  [INFO]    22:32:36.180 <User>                           ---LOGIC: 205---

(EmptyBot)  [INFO]    22:32:36.180 <User>                           Logic invoked after: 254 ms

(EmptyBot)  [INFO]    22:32:36.434 <User>                           ---LOGIC: 206---

(EmptyBot)  [INFO]    22:32:36.434 <User>                           Logic invoked after: 254 ms

(EmptyBot)  [INFO]    22:32:36.689 <User>                           ---LOGIC: 207---

(EmptyBot)  [INFO]    22:32:36.689 <User>                           Logic invoked after: 255 ms

(EmptyBot)  [INFO]    22:32:36.943 <User>                           ---LOGIC: 208---

(EmptyBot)  [INFO]    22:32:36.943 <User>                           Logic invoked after: 254 ms

(EmptyBot)  [INFO]    22:32:37.196 <User>                           ---LOGIC: 209---

(EmptyBot)  [INFO]    22:32:37.196 <User>                           Logic invoked after: 253 ms

(EmptyBot)  [INFO]    22:32:37.449 <User>                           ---LOGIC: 210---

(EmptyBot)  [INFO]    22:32:37.449 <User>                           Logic invoked after: 253 ms

(EmptyBot)  [INFO]    22:32:37.701 <User>                           ---LOGIC: 211---

(EmptyBot)  [INFO]    22:32:37.701 <User>                           Logic invoked after: 252 ms

(EmptyBot)  [INFO]    22:32:37.955 <User>                           ---LOGIC: 212---

(EmptyBot)  [INFO]    22:32:37.955 <User>                           Logic invoked after: 254 ms

(EmptyBot)  [INFO]    22:32:38.211 <User>                           ---LOGIC: 213---

(EmptyBot)  [INFO]    22:32:38.211 <User>                           Logic invoked after: 256 ms

(EmptyBot)  [INFO]    22:32:38.465 <User>                           ---LOGIC: 214---

(EmptyBot)  [INFO]    22:32:38.465 <User>                           Logic invoked after: 254 ms

(EmptyBot)  [INFO]    22:32:38.718 <User>                           ---LOGIC: 215---

(EmptyBot)  [INFO]    22:32:38.718 <User>                           Logic invoked after: 253 ms

(EmptyBot)  [INFO]    22:32:38.974 <User>                           ---LOGIC: 216---

(EmptyBot)  [INFO]    22:32:38.974 <User>                           Logic invoked after: 256 ms

(EmptyBot)  [INFO]    22:32:39.228 <User>                           ---LOGIC: 217---

(EmptyBot)  [INFO]    22:32:39.228 <User>                           Logic invoked after: 254 ms

(EmptyBot)  [INFO]    22:32:39.483 <User>                           ---LOGIC: 218---

(EmptyBot)  [INFO]    22:32:39.483 <User>                           Logic invoked after: 255 ms

(EmptyBot)  [INFO]    22:32:39.738 <User>                           ---LOGIC: 219---

(EmptyBot)  [INFO]    22:32:39.738 <User>                           Logic invoked after: 255 ms

(EmptyBot)  [INFO]    22:32:39.992 <User>                           ---LOGIC: 220---

(EmptyBot)  [INFO]    22:32:39.992 <User>                           Logic invoked after: 254 ms

(EmptyBot)  [INFO]    22:32:40.245 <User>                           ---LOGIC: 221---

(EmptyBot)  [INFO]    22:32:40.245 <User>                           Logic invoked after: 253 ms

(EmptyBot)  [INFO]    22:32:40.500 <User>                           ---LOGIC: 222---

(EmptyBot)  [INFO]    22:32:40.500 <User>                           Logic invoked after: 255 ms

(EmptyBot)  [INFO]    22:32:40.756 <User>                           ---LOGIC: 223---

(EmptyBot)  [INFO]    22:32:40.756 <User>                           Logic invoked after: 256 ms

(EmptyBot)  [INFO]    22:32:41.012 <User>                           ---LOGIC: 224---

(EmptyBot)  [INFO]    22:32:41.012 <User>                           Logic invoked after: 256 ms

(EmptyBot)  [INFO]    22:32:41.265 <User>                           ---LOGIC: 225---

(EmptyBot)  [INFO]    22:32:41.265 <User>                           Logic invoked after: 253 ms

(EmptyBot)  [INFO]    22:32:41.517 <User>                           ---LOGIC: 226---

(EmptyBot)  [INFO]    22:32:41.517 <User>                           Logic invoked after: 252 ms

(EmptyBot)  [INFO]    22:32:41.770 <User>                           ---LOGIC: 227---

(EmptyBot)  [INFO]    22:32:41.770 <User>                           Logic invoked after: 253 ms

(EmptyBot)  [INFO]    22:32:42.026 <User>                           ---LOGIC: 228---

(EmptyBot)  [INFO]    22:32:42.026 <User>                           Logic invoked after: 256 ms

(EmptyBot)  [INFO]    22:32:42.280 <User>                           ---LOGIC: 229---

(EmptyBot)  [INFO]    22:32:42.280 <User>                           Logic invoked after: 254 ms

(EmptyBot)  [INFO]    22:32:42.533 <User>                           ---LOGIC: 230---

(EmptyBot)  [INFO]    22:32:42.533 <User>                           Logic invoked after: 253 ms

(EmptyBot)  [INFO]    22:32:42.785 <User>                           ---LOGIC: 231---

(EmptyBot)  [INFO]    22:32:42.785 <User>                           Logic invoked after: 252 ms

(EmptyBot)  [INFO]    22:32:43.037 <User>                           ---LOGIC: 232---

(EmptyBot)  [INFO]    22:32:43.037 <User>                           Logic invoked after: 252 ms

(EmptyBot)  [INFO]    22:32:43.292 <User>                           ---LOGIC: 233---

(EmptyBot)  [INFO]    22:32:43.292 <User>                           Logic invoked after: 255 ms

(EmptyBot)  [INFO]    22:32:43.546 <User>                           ---LOGIC: 234---

(EmptyBot)  [INFO]    22:32:43.546 <User>                           Logic invoked after: 254 ms

(EmptyBot)  [INFO]    22:32:43.799 <User>                           ---LOGIC: 235---

(EmptyBot)  [INFO]    22:32:43.799 <User>                           Logic invoked after: 253 ms

(EmptyBot)  [INFO]    22:32:44.052 <User>                           ---LOGIC: 236---

(EmptyBot)  [INFO]    22:32:44.052 <User>                           Logic invoked after: 253 ms

(EmptyBot)  [INFO]    22:32:44.308 <User>                           ---LOGIC: 237---

(EmptyBot)  [INFO]    22:32:44.308 <User>                           Logic invoked after: 256 ms

(EmptyBot)  [INFO]    22:32:44.560 <User>                           ---LOGIC: 238---

(EmptyBot)  [INFO]    22:32:44.560 <User>                           Logic invoked after: 252 ms

(EmptyBot)  [INFO]    22:32:44.812 <User>                           ---LOGIC: 239---

(EmptyBot)  [INFO]    22:32:44.812 <User>                           Logic invoked after: 252 ms

(EmptyBot)  [INFO]    22:32:45.067 <User>                           ---LOGIC: 240---

(EmptyBot)  [INFO]    22:32:45.067 <User>                           Logic invoked after: 255 ms

(EmptyBot)  [INFO]    22:32:45.320 <User>                           ---LOGIC: 241---

(EmptyBot)  [INFO]    22:32:45.320 <User>                           Logic invoked after: 253 ms

(EmptyBot)  [INFO]    22:32:45.575 <User>                           ---LOGIC: 242---

(EmptyBot)  [INFO]    22:32:45.575 <User>                           Logic invoked after: 255 ms

(EmptyBot)  [INFO]    22:32:45.829 <User>                           ---LOGIC: 243---

(EmptyBot)  [INFO]    22:32:45.829 <User>                           Logic invoked after: 254 ms

(EmptyBot)  [INFO]    22:32:46.083 <User>                           ---LOGIC: 244---

(EmptyBot)  [INFO]    22:32:46.083 <User>                           Logic invoked after: 254 ms

(EmptyBot)  [INFO]    22:32:46.334 <User>                           ---LOGIC: 245---

(EmptyBot)  [INFO]    22:32:46.334 <User>                           Logic invoked after: 251 ms

(EmptyBot)  [INFO]    22:32:46.587 <User>                           ---LOGIC: 246---

(EmptyBot)  [INFO]    22:32:46.587 <User>                           Logic invoked after: 253 ms

(EmptyBot)  [INFO]    22:32:46.842 <User>                           ---LOGIC: 247---

(EmptyBot)  [INFO]    22:32:46.842 <User>                           Logic invoked after: 255 ms

(EmptyBot)  [INFO]    22:32:47.095 <User>                           ---LOGIC: 248---

(EmptyBot)  [INFO]    22:32:47.095 <User>                           Logic invoked after: 253 ms

(EmptyBot)  [INFO]    22:32:47.347 <User>                           ---LOGIC: 249---

(EmptyBot)  [INFO]    22:32:47.347 <User>                           Logic invoked after: 252 ms

(EmptyBot)  [INFO]    22:32:47.599 <User>                           ---LOGIC: 250---

(EmptyBot)  [INFO]    22:32:47.599 <User>                           Logic invoked after: 252 ms

(EmptyBot)  [INFO]    22:32:47.852 <User>                           ---LOGIC: 251---

(EmptyBot)  [INFO]    22:32:47.852 <User>                           Logic invoked after: 253 ms

(EmptyBot)  [INFO]    22:32:48.106 <User>                           ---LOGIC: 252---

(EmptyBot)  [INFO]    22:32:48.106 <User>                           Logic invoked after: 254 ms

(EmptyBot)  [INFO]    22:32:48.360 <User>                           ---LOGIC: 253---

(EmptyBot)  [INFO]    22:32:48.360 <User>                           Logic invoked after: 254 ms

(EmptyBot)  [INFO]    22:32:48.610 <User>                           ---LOGIC: 254---

(EmptyBot)  [INFO]    22:32:48.610 <User>                           Logic invoked after: 250 ms

(EmptyBot)  [INFO]    22:32:48.863 <User>                           ---LOGIC: 255---

(EmptyBot)  [INFO]    22:32:48.863 <User>                           Logic invoked after: 253 ms

(EmptyBot)  [INFO]    22:32:49.116 <User>                           ---LOGIC: 256---

(EmptyBot)  [INFO]    22:32:49.116 <User>                           Logic invoked after: 253 ms

(EmptyBot)  [INFO]    22:32:49.373 <User>                           ---LOGIC: 257---

(EmptyBot)  [INFO]    22:32:49.373 <User>                           Logic invoked after: 257 ms

(EmptyBot)  [INFO]    22:32:49.626 <User>                           ---LOGIC: 258---

(EmptyBot)  [INFO]    22:32:49.626 <User>                           Logic invoked after: 253 ms

(EmptyBot)  [INFO]    22:32:49.878 <User>                           ---LOGIC: 259---

(EmptyBot)  [INFO]    22:32:49.878 <User>                           Logic invoked after: 252 ms

(EmptyBot)  [INFO]    22:32:50.130 <User>                           ---LOGIC: 260---

(EmptyBot)  [INFO]    22:32:50.130 <User>                           Logic invoked after: 252 ms

(EmptyBot)  [INFO]    22:32:50.382 <User>                           ---LOGIC: 261---

(EmptyBot)  [INFO]    22:32:50.382 <User>                           Logic invoked after: 252 ms

(EmptyBot)  [INFO]    22:32:50.636 <User>                           ---LOGIC: 262---

(EmptyBot)  [INFO]    22:32:50.636 <User>                           Logic invoked after: 254 ms

(EmptyBot)  [INFO]    22:32:50.893 <User>                           ---LOGIC: 263---

(EmptyBot)  [INFO]    22:32:50.893 <User>                           Logic invoked after: 257 ms

(EmptyBot)  [INFO]    22:32:51.143 <User>                           ---LOGIC: 264---

(EmptyBot)  [INFO]    22:32:51.143 <User>                           Logic invoked after: 250 ms

(EmptyBot)  [INFO]    22:32:51.397 <User>                           ---LOGIC: 265---

(EmptyBot)  [INFO]    22:32:51.397 <User>                           Logic invoked after: 254 ms

(EmptyBot)  [INFO]    22:32:51.652 <User>                           ---LOGIC: 266---

(EmptyBot)  [INFO]    22:32:51.652 <User>                           Logic invoked after: 255 ms

(EmptyBot)  [INFO]    22:32:51.907 <User>                           ---LOGIC: 267---

(EmptyBot)  [INFO]    22:32:51.907 <User>                           Logic invoked after: 255 ms

(EmptyBot)  [INFO]    22:32:52.162 <User>                           ---LOGIC: 268---

(EmptyBot)  [INFO]    22:32:52.162 <User>                           Logic invoked after: 255 ms

(EmptyBot)  [INFO]    22:32:52.418 <User>                           ---LOGIC: 269---

(EmptyBot)  [INFO]    22:32:52.418 <User>                           Logic invoked after: 256 ms

(EmptyBot)  [INFO]    22:32:52.671 <User>                           ---LOGIC: 270---

(EmptyBot)  [INFO]    22:32:52.671 <User>                           Logic invoked after: 253 ms

(EmptyBot)  [INFO]    22:32:52.924 <User>                           ---LOGIC: 271---

(EmptyBot)  [INFO]    22:32:52.924 <User>                           Logic invoked after: 253 ms

(EmptyBot)  [INFO]    22:32:53.178 <User>                           ---LOGIC: 272---

(EmptyBot)  [INFO]    22:32:53.178 <User>                           Logic invoked after: 254 ms

(EmptyBot)  [INFO]    22:32:53.431 <User>                           ---LOGIC: 273---

(EmptyBot)  [INFO]    22:32:53.431 <User>                           Logic invoked after: 253 ms

(EmptyBot)  [INFO]    22:32:53.685 <User>                           ---LOGIC: 274---

(EmptyBot)  [INFO]    22:32:53.685 <User>                           Logic invoked after: 254 ms

(EmptyBot)  [INFO]    22:32:53.937 <User>                           ---LOGIC: 275---

(EmptyBot)  [INFO]    22:32:53.937 <User>                           Logic invoked after: 252 ms

(EmptyBot)  [INFO]    22:32:54.190 <User>                           ---LOGIC: 276---

(EmptyBot)  [INFO]    22:32:54.190 <User>                           Logic invoked after: 253 ms

(EmptyBot)  [INFO]    22:32:54.445 <User>                           ---LOGIC: 277---

(EmptyBot)  [INFO]    22:32:54.445 <User>                           Logic invoked after: 255 ms

(EmptyBot)  [INFO]    22:32:54.700 <User>                           ---LOGIC: 278---

(EmptyBot)  [INFO]    22:32:54.700 <User>                           Logic invoked after: 255 ms

(EmptyBot)  [INFO]    22:32:54.952 <User>                           ---LOGIC: 279---

(EmptyBot)  [INFO]    22:32:54.952 <User>                           Logic invoked after: 252 ms

(EmptyBot)  [INFO]    22:32:55.206 <User>                           ---LOGIC: 280---

(EmptyBot)  [INFO]    22:32:55.206 <User>                           Logic invoked after: 254 ms

(EmptyBot)  [INFO]    22:32:55.460 <User>                           ---LOGIC: 281---

(EmptyBot)  [INFO]    22:32:55.460 <User>                           Logic invoked after: 254 ms

(EmptyBot)  [INFO]    22:32:55.713 <User>                           ---LOGIC: 282---

(EmptyBot)  [INFO]    22:32:55.713 <User>                           Logic invoked after: 253 ms

(EmptyBot)  [INFO]    22:32:55.968 <User>                           ---LOGIC: 283---

(EmptyBot)  [INFO]    22:32:55.968 <User>                           Logic invoked after: 255 ms

(EmptyBot)  [INFO]    22:32:56.223 <User>                           ---LOGIC: 284---

(EmptyBot)  [INFO]    22:32:56.223 <User>                           Logic invoked after: 255 ms

(EmptyBot)  [INFO]    22:32:56.477 <User>                           ---LOGIC: 285---

(EmptyBot)  [INFO]    22:32:56.477 <User>                           Logic invoked after: 254 ms

(EmptyBot)  [INFO]    22:32:56.730 <User>                           ---LOGIC: 286---

(EmptyBot)  [INFO]    22:32:56.730 <User>                           Logic invoked after: 253 ms

(EmptyBot)  [INFO]    22:32:56.983 <User>                           ---LOGIC: 287---

(EmptyBot)  [INFO]    22:32:56.983 <User>                           Logic invoked after: 253 ms

(EmptyBot)  [INFO]    22:32:57.236 <User>                           ---LOGIC: 288---

(EmptyBot)  [INFO]    22:32:57.236 <User>                           Logic invoked after: 253 ms

(EmptyBot)  [INFO]    22:32:57.491 <User>                           ---LOGIC: 289---

(EmptyBot)  [INFO]    22:32:57.491 <User>                           Logic invoked after: 255 ms

(EmptyBot)  [INFO]    22:32:57.745 <User>                           ---LOGIC: 290---

(EmptyBot)  [INFO]    22:32:57.745 <User>                           Logic invoked after: 254 ms

(EmptyBot)  [INFO]    22:32:57.997 <User>                           ---LOGIC: 291---

(EmptyBot)  [INFO]    22:32:57.997 <User>                           Logic invoked after: 252 ms

(EmptyBot)  [INFO]    22:32:58.250 <User>                           ---LOGIC: 292---

(EmptyBot)  [INFO]    22:32:58.250 <User>                           Logic invoked after: 253 ms

(EmptyBot)  [INFO]    22:32:58.502 <User>                           ---LOGIC: 293---

(EmptyBot)  [INFO]    22:32:58.502 <User>                           Logic invoked after: 252 ms

(EmptyBot)  [INFO]    22:32:58.755 <User>                           ---LOGIC: 294---

(EmptyBot)  [INFO]    22:32:58.755 <User>                           Logic invoked after: 253 ms

(EmptyBot)  [INFO]    22:32:59.014 <User>                           ---LOGIC: 295---

(EmptyBot)  [INFO]    22:32:59.014 <User>                           Logic invoked after: 259 ms

(EmptyBot)  [INFO]    22:32:59.265 <User>                           ---LOGIC: 296---

(EmptyBot)  [INFO]    22:32:59.265 <User>                           Logic invoked after: 251 ms

(EmptyBot)  [INFO]    22:32:59.517 <User>                           ---LOGIC: 297---

(EmptyBot)  [INFO]    22:32:59.517 <User>                           Logic invoked after: 252 ms

(EmptyBot)  [INFO]    22:32:59.772 <User>                           ---LOGIC: 298---

(EmptyBot)  [INFO]    22:32:59.772 <User>                           Logic invoked after: 255 ms

(EmptyBot)  [INFO]    22:33:00.122 <User>                           ---LOGIC: 299---

(EmptyBot)  [INFO]    22:33:00.122 <User>                           Logic invoked after: 350 ms

(EmptyBot)  [INFO]    22:33:00.376 <User>                           ---LOGIC: 300---

(EmptyBot)  [INFO]    22:33:00.376 <User>                           Logic invoked after: 254 ms

(EmptyBot)  [INFO]    22:33:00.628 <User>                           ---LOGIC: 301---

(EmptyBot)  [INFO]    22:33:00.628 <User>                           Logic invoked after: 252 ms

(EmptyBot)  [INFO]    22:33:00.880 <User>                           ---LOGIC: 302---

(EmptyBot)  [INFO]    22:33:00.880 <User>                           Logic invoked after: 252 ms

(EmptyBot)  [INFO]    22:33:01.133 <User>                           ---LOGIC: 303---

(EmptyBot)  [INFO]    22:33:01.133 <User>                           Logic invoked after: 253 ms

(EmptyBot)  [INFO]    22:33:01.387 <User>                           ---LOGIC: 304---

(EmptyBot)  [INFO]    22:33:01.387 <User>                           Logic invoked after: 254 ms

(EmptyBot)  [INFO]    22:33:01.639 <User>                           ---LOGIC: 305---

(EmptyBot)  [INFO]    22:33:01.639 <User>                           Logic invoked after: 252 ms

(EmptyBot)  [INFO]    22:33:01.893 <User>                           ---LOGIC: 306---

(EmptyBot)  [INFO]    22:33:01.893 <User>                           Logic invoked after: 254 ms

(EmptyBot)  [INFO]    22:33:02.147 <User>                           ---LOGIC: 307---

(EmptyBot)  [INFO]    22:33:02.147 <User>                           Logic invoked after: 254 ms

(EmptyBot)  [INFO]    22:33:02.399 <User>                           ---LOGIC: 308---

(EmptyBot)  [INFO]    22:33:02.399 <User>                           Logic invoked after: 252 ms

(EmptyBot)  [INFO]    22:33:02.652 <User>                           ---LOGIC: 309---

(EmptyBot)  [INFO]    22:33:02.652 <User>                           Logic invoked after: 253 ms

(EmptyBot)  [INFO]    22:33:02.904 <User>                           ---LOGIC: 310---

(EmptyBot)  [INFO]    22:33:02.904 <User>                           Logic invoked after: 252 ms

(EmptyBot)  [INFO]    22:33:03.159 <User>                           ---LOGIC: 311---

(EmptyBot)  [INFO]    22:33:03.159 <User>                           Logic invoked after: 255 ms

(EmptyBot)  [INFO]    22:33:03.413 <User>                           ---LOGIC: 312---

(EmptyBot)  [INFO]    22:33:03.413 <User>                           Logic invoked after: 254 ms

(EmptyBot)  [INFO]    22:33:03.668 <User>                           ---LOGIC: 313---

(EmptyBot)  [INFO]    22:33:03.668 <User>                           Logic invoked after: 255 ms

(EmptyBot)  [INFO]    22:33:03.921 <User>                           ---LOGIC: 314---

(EmptyBot)  [INFO]    22:33:03.921 <User>                           Logic invoked after: 253 ms

(EmptyBot)  [INFO]    22:33:04.174 <User>                           ---LOGIC: 315---

(EmptyBot)  [INFO]    22:33:04.174 <User>                           Logic invoked after: 253 ms

(EmptyBot)  [INFO]    22:33:04.427 <User>                           ---LOGIC: 316---

(EmptyBot)  [INFO]    22:33:04.427 <User>                           Logic invoked after: 253 ms

(EmptyBot)  [INFO]    22:33:04.680 <User>                           ---LOGIC: 317---

(EmptyBot)  [INFO]    22:33:04.680 <User>                           Logic invoked after: 253 ms

(EmptyBot)  [INFO]    22:33:04.933 <User>                           ---LOGIC: 318---

(EmptyBot)  [INFO]    22:33:04.933 <User>                           Logic invoked after: 253 ms

(EmptyBot)  [INFO]    22:33:05.185 <User>                           ---LOGIC: 319---

(EmptyBot)  [INFO]    22:33:05.185 <User>                           Logic invoked after: 252 ms

(EmptyBot)  [INFO]    22:33:05.438 <User>                           ---LOGIC: 320---

(EmptyBot)  [INFO]    22:33:05.438 <User>                           Logic invoked after: 253 ms

(EmptyBot)  [INFO]    22:33:05.688 <User>                           ---LOGIC: 321---

(EmptyBot)  [INFO]    22:33:05.688 <User>                           Logic invoked after: 250 ms

(EmptyBot)  [INFO]    22:33:05.942 <User>                           ---LOGIC: 322---

(EmptyBot)  [INFO]    22:33:05.942 <User>                           Logic invoked after: 254 ms

(EmptyBot)  [INFO]    22:33:06.194 <User>                           ---LOGIC: 323---

(EmptyBot)  [INFO]    22:33:06.194 <User>                           Logic invoked after: 252 ms

(EmptyBot)  [INFO]    22:33:06.448 <User>                           ---LOGIC: 324---

(EmptyBot)  [INFO]    22:33:06.448 <User>                           Logic invoked after: 254 ms

(EmptyBot)  [INFO]    22:33:06.700 <User>                           ---LOGIC: 325---

(EmptyBot)  [INFO]    22:33:06.700 <User>                           Logic invoked after: 252 ms

(EmptyBot)  [INFO]    22:33:06.955 <User>                           ---LOGIC: 326---

(EmptyBot)  [INFO]    22:33:06.955 <User>                           Logic invoked after: 255 ms

(EmptyBot)  [INFO]    22:33:07.208 <User>                           ---LOGIC: 327---

(EmptyBot)  [INFO]    22:33:07.208 <User>                           Logic invoked after: 253 ms

(EmptyBot)  [INFO]    22:33:07.462 <User>                           ---LOGIC: 328---

(EmptyBot)  [INFO]    22:33:07.462 <User>                           Logic invoked after: 254 ms

(EmptyBot)  [INFO]    22:33:07.715 <User>                           ---LOGIC: 329---

(EmptyBot)  [INFO]    22:33:07.715 <User>                           Logic invoked after: 253 ms

(EmptyBot)  [INFO]    22:33:07.969 <User>                           ---LOGIC: 330---

(EmptyBot)  [INFO]    22:33:07.969 <User>                           Logic invoked after: 254 ms

(EmptyBot)  [INFO]    22:33:08.222 <User>                           ---LOGIC: 331---

(EmptyBot)  [INFO]    22:33:08.222 <User>                           Logic invoked after: 253 ms

(EmptyBot)  [INFO]    22:33:08.476 <User>                           ---LOGIC: 332---

(EmptyBot)  [INFO]    22:33:08.476 <User>                           Logic invoked after: 254 ms

(EmptyBot)  [INFO]    22:33:08.730 <User>                           ---LOGIC: 333---

(EmptyBot)  [INFO]    22:33:08.730 <User>                           Logic invoked after: 254 ms

(EmptyBot)  [INFO]    22:33:08.983 <User>                           ---LOGIC: 334---

(EmptyBot)  [INFO]    22:33:08.983 <User>                           Logic invoked after: 253 ms

(EmptyBot)  [INFO]    22:33:09.237 <User>                           ---LOGIC: 335---

(EmptyBot)  [INFO]    22:33:09.237 <User>                           Logic invoked after: 254 ms

(EmptyBot)  [INFO]    22:33:09.491 <User>                           ---LOGIC: 336---

(EmptyBot)  [INFO]    22:33:09.491 <User>                           Logic invoked after: 254 ms

(EmptyBot)  [INFO]    22:33:09.744 <User>                           ---LOGIC: 337---

(EmptyBot)  [INFO]    22:33:09.744 <User>                           Logic invoked after: 253 ms

(EmptyBot)  [INFO]    22:33:09.998 <User>                           ---LOGIC: 338---

(EmptyBot)  [INFO]    22:33:09.998 <User>                           Logic invoked after: 254 ms

(EmptyBot)  [INFO]    22:33:10.253 <User>                           ---LOGIC: 339---

(EmptyBot)  [INFO]    22:33:10.253 <User>                           Logic invoked after: 255 ms

(EmptyBot)  [INFO]    22:33:10.506 <User>                           ---LOGIC: 340---

(EmptyBot)  [INFO]    22:33:10.506 <User>                           Logic invoked after: 253 ms

(EmptyBot)  [INFO]    22:33:10.760 <User>                           ---LOGIC: 341---

(EmptyBot)  [INFO]    22:33:10.760 <User>                           Logic invoked after: 254 ms

(EmptyBot)  [INFO]    22:33:11.012 <User>                           ---LOGIC: 342---

(EmptyBot)  [INFO]    22:33:11.012 <User>                           Logic invoked after: 252 ms

(EmptyBot)  [INFO]    22:33:11.265 <User>                           ---LOGIC: 343---

(EmptyBot)  [INFO]    22:33:11.265 <User>                           Logic invoked after: 253 ms

(EmptyBot)  [INFO]    22:33:11.519 <User>                           ---LOGIC: 344---

(EmptyBot)  [INFO]    22:33:11.519 <User>                           Logic invoked after: 254 ms

(EmptyBot)  [INFO]    22:33:11.773 <User>                           ---LOGIC: 345---

(EmptyBot)  [INFO]    22:33:11.773 <User>                           Logic invoked after: 254 ms

(EmptyBot)  [INFO]    22:33:12.026 <User>                           ---LOGIC: 346---

(EmptyBot)  [INFO]    22:33:12.026 <User>                           Logic invoked after: 253 ms

(EmptyBot)  [INFO]    22:33:12.280 <User>                           ---LOGIC: 347---

(EmptyBot)  [INFO]    22:33:12.280 <User>                           Logic invoked after: 254 ms

(EmptyBot)  [INFO]    22:33:12.533 <User>                           ---LOGIC: 348---

(EmptyBot)  [INFO]    22:33:12.533 <User>                           Logic invoked after: 253 ms

(EmptyBot)  [INFO]    22:33:12.785 <User>                           ---LOGIC: 349---

(EmptyBot)  [INFO]    22:33:12.785 <User>                           Logic invoked after: 252 ms

(EmptyBot)  [INFO]    22:33:13.039 <User>                           ---LOGIC: 350---

(EmptyBot)  [INFO]    22:33:13.039 <User>                           Logic invoked after: 254 ms

(EmptyBot)  [INFO]    22:33:13.293 <User>                           ---LOGIC: 351---

(EmptyBot)  [INFO]    22:33:13.293 <User>                           Logic invoked after: 254 ms

(EmptyBot)  [INFO]    22:33:13.545 <User>                           ---LOGIC: 352---

(EmptyBot)  [INFO]    22:33:13.545 <User>                           Logic invoked after: 252 ms

(EmptyBot)  [INFO]    22:33:13.798 <User>                           ---LOGIC: 353---

(EmptyBot)  [INFO]    22:33:13.798 <User>                           Logic invoked after: 253 ms

(EmptyBot)  [INFO]    22:33:14.051 <User>                           ---LOGIC: 354---

(EmptyBot)